2024-02-04 21:11:16,377 INFO o.a.j.u.JMeterUtils: Setting Locale to en_EN
2024-02-04 21:11:16,398 INFO o.a.j.JMeter: Loading user properties from: F:\apache-jmeter-5.6.3\apache-jmeter-5.6.3\bin\user.properties
2024-02-04 21:11:16,399 INFO o.a.j.JMeter: Loading system properties from: F:\apache-jmeter-5.6.3\apache-jmeter-5.6.3\bin\system.properties
2024-02-04 21:11:16,408 INFO o.a.j.JMeter: Copyright (c) 1998-2024 The Apache Software Foundation
2024-02-04 21:11:16,408 INFO o.a.j.JMeter: Version 5.6.3
2024-02-04 21:11:16,408 INFO o.a.j.JMeter: java.version=21.0.1
2024-02-04 21:11:16,409 INFO o.a.j.JMeter: java.vm.name=Java HotSpot(TM) 64-Bit Server VM
2024-02-04 21:11:16,409 INFO o.a.j.JMeter: os.name=Windows 11
2024-02-04 21:11:16,409 INFO o.a.j.JMeter: os.arch=amd64
2024-02-04 21:11:16,410 INFO o.a.j.JMeter: os.version=10.0
2024-02-04 21:11:16,410 INFO o.a.j.JMeter: file.encoding=UTF-8
2024-02-04 21:11:16,410 INFO o.a.j.JMeter: java.awt.headless=true
2024-02-04 21:11:16,410 INFO o.a.j.JMeter: Max memory     =1073741824
2024-02-04 21:11:16,410 INFO o.a.j.JMeter: Available Processors =8
2024-02-04 21:11:16,420 INFO o.a.j.JMeter: Default Locale=English (EN)
2024-02-04 21:11:16,420 INFO o.a.j.JMeter: JMeter  Locale=English (EN)
2024-02-04 21:11:16,420 INFO o.a.j.JMeter: JMeterHome=F:\apache-jmeter-5.6.3\apache-jmeter-5.6.3
2024-02-04 21:11:16,420 INFO o.a.j.JMeter: user.dir  =F:\apache-jmeter-5.6.3\apache-jmeter-5.6.3\bin\demo-transaction-api
2024-02-04 21:11:16,420 INFO o.a.j.JMeter: PWD       =F:\apache-jmeter-5.6.3\apache-jmeter-5.6.3\bin\demo-transaction-api
2024-02-04 21:11:16,422 INFO o.a.j.JMeter: IP: 192.168.173.79 Name: Mahmud-Shumit FullName: Mahmud-Shumit
2024-02-04 21:11:16,437 INFO o.a.j.JMeter: Setting property 'jmeter.reportgenerator.outputdir' to:'F:\apache-jmeter-5.6.3\apache-jmeter-5.6.3\bin\demo-transaction-api\Reports'
2024-02-04 21:11:16,440 INFO o.a.j.s.FileServer: Default base='F:\apache-jmeter-5.6.3\apache-jmeter-5.6.3\bin\demo-transaction-api'
2024-02-04 21:11:16,443 INFO o.a.j.s.FileServer: Set new base='F:\apache-jmeter-5.6.3\apache-jmeter-5.6.3\bin\demo-transaction-api\.'
2024-02-04 21:11:16,642 INFO o.a.j.s.SaveService: Testplan (JMX) version: 2.2. Testlog (JTL) version: 2.2
2024-02-04 21:11:16,678 INFO o.a.j.s.SaveService: Using SaveService properties version 5.0
2024-02-04 21:11:16,681 INFO o.a.j.s.SaveService: Using SaveService properties file encoding UTF-8
2024-02-04 21:11:16,685 INFO o.a.j.s.SaveService: Loading file: .\demo-transaction-api-jmeter.jmx
2024-02-04 21:11:16,749 INFO o.a.j.p.h.s.HTTPSamplerBase: Parser for text/html is org.apache.jmeter.protocol.http.parser.LagartoBasedHtmlParser
2024-02-04 21:11:16,749 INFO o.a.j.p.h.s.HTTPSamplerBase: Parser for application/xhtml+xml is org.apache.jmeter.protocol.http.parser.LagartoBasedHtmlParser
2024-02-04 21:11:16,749 INFO o.a.j.p.h.s.HTTPSamplerBase: Parser for application/xml is org.apache.jmeter.protocol.http.parser.LagartoBasedHtmlParser
2024-02-04 21:11:16,750 INFO o.a.j.p.h.s.HTTPSamplerBase: Parser for text/xml is org.apache.jmeter.protocol.http.parser.LagartoBasedHtmlParser
2024-02-04 21:11:16,750 INFO o.a.j.p.h.s.HTTPSamplerBase: Parser for text/vnd.wap.wml is org.apache.jmeter.protocol.http.parser.RegexpHTMLParser
2024-02-04 21:11:16,750 INFO o.a.j.p.h.s.HTTPSamplerBase: Parser for text/css is org.apache.jmeter.protocol.http.parser.CssParser
2024-02-04 21:11:16,792 INFO o.a.j.JMeter: Creating summariser <summary>
2024-02-04 21:11:16,795 INFO o.a.j.r.d.ReportGenerator: ReportGenerator will use for Parsing the separator: ','
2024-02-04 21:11:16,795 INFO o.a.j.r.d.ReportGenerator: Will generate report at end of test from  results file: .\\demo-transaction-api-jmeter.jtl
2024-02-04 21:11:16,795 INFO o.a.j.r.d.ReportGenerator: Reading report generator properties from: F:\apache-jmeter-5.6.3\apache-jmeter-5.6.3\bin\reportgenerator.properties
2024-02-04 21:11:16,843 INFO o.a.j.r.d.ReportGenerator: Merging with JMeter properties
2024-02-04 21:11:16,875 INFO o.a.j.r.c.ReportGeneratorConfiguration: Property 'jmeter.reportgenerator.temp_dir' not found, using default value 'temp' instead.
2024-02-04 21:11:16,878 INFO o.a.j.r.c.ReportGeneratorConfiguration: Property 'jmeter.reportgenerator.apdex_per_transaction' not found, using default value 'null' instead.
2024-02-04 21:11:16,878 INFO o.a.j.r.c.ReportGeneratorConfiguration: apdex_per_transaction is empty, not APDEX per transaction customization
2024-02-04 21:11:16,878 INFO o.a.j.r.c.ReportGeneratorConfiguration: Property 'jmeter.reportgenerator.sample_filter' not found, using default value 'null' instead.
2024-02-04 21:11:16,878 INFO o.a.j.r.c.ReportGeneratorConfiguration: Property 'jmeter.reportgenerator.report_title' not found, using default value 'null' instead.
2024-02-04 21:11:16,878 INFO o.a.j.r.c.ReportGeneratorConfiguration: Property 'jmeter.reportgenerator.start_date' not found, using default value 'null' instead.
2024-02-04 21:11:16,878 INFO o.a.j.r.c.ReportGeneratorConfiguration: Property 'jmeter.reportgenerator.end_date' not found, using default value 'null' instead.
2024-02-04 21:11:16,878 INFO o.a.j.r.c.ReportGeneratorConfiguration: Property 'jmeter.reportgenerator.date_format' not found, using default value 'null' instead.
2024-02-04 21:11:16,880 INFO o.a.j.r.c.ReportGeneratorConfiguration: Will use date range start date: null, end date: null
2024-02-04 21:11:16,887 INFO o.a.j.r.c.ReportGeneratorConfiguration: Property 'jmeter.reportgenerator.graph.totalTPS.exclude_controllers' not found, using default value 'false' instead.
2024-02-04 21:11:16,889 INFO o.a.j.r.c.ReportGeneratorConfiguration: Property 'jmeter.reportgenerator.graph.activeThreadsOverTime.exclude_controllers' not found, using default value 'false' instead.
2024-02-04 21:11:16,889 INFO o.a.j.r.c.ReportGeneratorConfiguration: Property 'jmeter.reportgenerator.graph.timeVsThreads.exclude_controllers' not found, using default value 'false' instead.
2024-02-04 21:11:16,889 INFO o.a.j.r.c.ReportGeneratorConfiguration: Property 'jmeter.reportgenerator.graph.responseTimeDistribution.exclude_controllers' not found, using default value 'false' instead.
2024-02-04 21:11:16,889 INFO o.a.j.r.c.ReportGeneratorConfiguration: Property 'jmeter.reportgenerator.graph.transactionsPerSecond.exclude_controllers' not found, using default value 'false' instead.
2024-02-04 21:11:16,889 INFO o.a.j.r.c.ReportGeneratorConfiguration: Property 'jmeter.reportgenerator.graph.responseTimePercentiles.exclude_controllers' not found, using default value 'false' instead.
2024-02-04 21:11:16,889 INFO o.a.j.r.c.ReportGeneratorConfiguration: Property 'jmeter.reportgenerator.graph.responseTimePercentilesOverTime.exclude_controllers' not found, using default value 'false' instead.
2024-02-04 21:11:16,889 INFO o.a.j.r.c.ReportGeneratorConfiguration: Property 'jmeter.reportgenerator.graph.responseTimesOverTime.exclude_controllers' not found, using default value 'false' instead.
2024-02-04 21:11:16,890 INFO o.a.j.r.c.ReportGeneratorConfiguration: Property 'jmeter.reportgenerator.graph.connectTimeOverTime.exclude_controllers' not found, using default value 'false' instead.
2024-02-04 21:11:16,890 INFO o.a.j.r.c.ReportGeneratorConfiguration: Property 'jmeter.reportgenerator.graph.latenciesOverTime.exclude_controllers' not found, using default value 'false' instead.
2024-02-04 21:11:16,891 INFO o.a.j.r.c.ReportGeneratorConfiguration: Property 'jmeter.reportgenerator.exporter.json.filters_only_sample_series' not found, using default value 'true' instead.
2024-02-04 21:11:16,891 INFO o.a.j.r.c.ReportGeneratorConfiguration: Property 'jmeter.reportgenerator.exporter.json.series_filter' not found, using default value '' instead.
2024-02-04 21:11:16,891 INFO o.a.j.r.c.ReportGeneratorConfiguration: Property 'jmeter.reportgenerator.exporter.json.show_controllers_only' not found, using default value 'false' instead.
2024-02-04 21:11:16,891 INFO o.a.j.r.c.ReportGeneratorConfiguration: Property 'jmeter.reportgenerator.exporter.html.filters_only_sample_series' not found, using default value 'true' instead.
2024-02-04 21:11:16,891 INFO o.a.j.r.c.ReportGeneratorConfiguration: Property 'jmeter.reportgenerator.exporter.html.series_filter' not found, using default value '' instead.
2024-02-04 21:11:16,891 INFO o.a.j.r.c.ReportGeneratorConfiguration: Property 'jmeter.reportgenerator.exporter.html.show_controllers_only' not found, using default value 'false' instead.
2024-02-04 21:11:16,907 INFO o.a.j.e.StandardJMeterEngine: Running the test!
2024-02-04 21:11:16,907 INFO o.a.j.s.SampleEvent: List of sample_variables: []
2024-02-04 21:11:16,908 INFO o.a.j.s.SampleEvent: List of sample_variables: []
2024-02-04 21:11:16,914 INFO o.a.j.e.u.CompoundVariable: Note: Function class names must contain the string: '.functions.'
2024-02-04 21:11:16,914 INFO o.a.j.e.u.CompoundVariable: Note: Function class names must not contain the string: '.gui.'
2024-02-04 21:11:17,083 INFO o.a.j.JMeter: Running test (1707059477083)
2024-02-04 21:11:17,108 INFO o.a.j.e.StandardJMeterEngine: Starting ThreadGroup: 1 : Thread Group
2024-02-04 21:11:17,108 INFO o.a.j.e.StandardJMeterEngine: Starting 1 threads for group Thread Group.
2024-02-04 21:11:17,108 INFO o.a.j.e.StandardJMeterEngine: Thread will continue on error
2024-02-04 21:11:17,108 INFO o.a.j.t.ThreadGroup: Starting thread group... number=1 threads=1 ramp-up=1 delayedStart=false
2024-02-04 21:11:17,113 INFO o.a.j.t.ThreadGroup: Started thread group number 1
2024-02-04 21:11:17,114 INFO o.a.j.e.StandardJMeterEngine: All thread groups have been started
2024-02-04 21:11:17,148 INFO o.a.j.t.JMeterThread: Thread started: Thread Group 1-1
2024-02-04 21:11:17,152 WARN o.a.j.c.RandomVariableConfig: maximum(99999999999) - minimum(10000000000) must be <= 2147483647
2024-02-04 21:11:17,152 WARN o.a.j.c.RandomVariableConfig: maximum(99999999999) - minimum(10000000000) must be <= 2147483647
2024-02-04 21:11:17,152 WARN o.a.j.c.RandomVariableConfig: maximum(99999999999) - minimum(10000000000) must be <= 2147483647
2024-02-04 21:11:17,167 INFO o.a.j.p.h.s.HTTPHCAbstractImpl: Local host = Mahmud-Shumit
2024-02-04 21:11:17,174 INFO o.a.j.p.h.s.HTTPHC4Impl: HTTP request retry count = 0
2024-02-04 21:11:17,176 INFO o.a.j.s.SampleResult: Note: Sample TimeStamps are START times
2024-02-04 21:11:17,176 INFO o.a.j.s.SampleResult: sampleresult.default.encoding is set to UTF-8
2024-02-04 21:11:17,176 INFO o.a.j.s.SampleResult: sampleresult.useNanoTime=true
2024-02-04 21:11:17,176 INFO o.a.j.s.SampleResult: sampleresult.nanoThreadSleep=5000
2024-02-04 21:11:17,329 INFO o.a.j.p.h.s.h.LazyLayeredConnectionSocketFactory: Setting up HTTPS TrustAll Socket Factory
2024-02-04 21:11:17,337 INFO o.a.j.u.JsseSSLManager: Using default SSL protocol: TLS
2024-02-04 21:11:17,337 INFO o.a.j.u.JsseSSLManager: SSL session context: per-thread
2024-02-04 21:11:17,446 INFO o.a.j.u.SSLManager: JmeterKeyStore Location:  type JKS
2024-02-04 21:11:17,449 INFO o.a.j.u.SSLManager: KeyStore created OK
2024-02-04 21:11:17,449 WARN o.a.j.u.SSLManager: Keystore file not found, loading empty keystore
2024-02-04 21:11:18,311 INFO o.a.j.t.JMeterThread: Thread is done: Thread Group 1-1
2024-02-04 21:11:18,311 INFO o.a.j.t.JMeterThread: Thread finished: Thread Group 1-1
2024-02-04 21:11:18,316 INFO o.a.j.e.StandardJMeterEngine: Notifying test listeners of end of test
2024-02-04 21:11:18,324 INFO o.a.j.r.Summariser: summary =      8 in 00:00:01 =    6.5/s Avg:   126 Min:    52 Max:   506 Err:     0 (0.00%)
2024-02-04 21:11:18,325 INFO o.a.j.JMeter: Generating Dashboard
2024-02-04 21:11:18,325 INFO o.a.j.r.d.ReportGenerator: Flushing result collector before report Generation
2024-02-04 21:11:18,355 INFO o.a.j.r.p.NormalizerSampleConsumer: Using format, 'ms', to parse timeStamp field
2024-02-04 21:11:18,555 INFO o.a.j.r.p.AbstractSampleConsumer: class org.apache.jmeter.report.processor.AggregateConsumer#stopProducing(): beginDate produced 0 samples
2024-02-04 21:11:18,555 INFO o.a.j.r.p.AbstractSampleConsumer: class org.apache.jmeter.report.processor.AggregateConsumer#stopProducing(): endDate produced 0 samples
2024-02-04 21:11:18,559 INFO o.a.j.r.p.AbstractSampleConsumer: class org.apache.jmeter.report.processor.ApdexSummaryConsumer#stopProducing(): apdexSummary produced 0 samples
2024-02-04 21:11:18,560 INFO o.a.j.r.p.AbstractSampleConsumer: class org.apache.jmeter.report.processor.RequestsSummaryConsumer#stopProducing(): requestsSummary produced 0 samples
2024-02-04 21:11:18,569 INFO o.a.j.r.p.AbstractSampleConsumer: class org.apache.jmeter.report.processor.StatisticsSummaryConsumer#stopProducing(): statisticsSummary produced 0 samples
2024-02-04 21:11:18,572 INFO o.a.j.r.p.AbstractSampleConsumer: class org.apache.jmeter.report.processor.Top5ErrorsBySamplerConsumer#stopProducing(): top5ErrorsBySampler produced 0 samples
2024-02-04 21:11:18,572 INFO o.a.j.r.p.AbstractSampleConsumer: class org.apache.jmeter.report.processor.ErrorsSummaryConsumer#stopProducing(): errorsSummary produced 0 samples
2024-02-04 21:11:18,572 INFO o.a.j.r.p.AbstractSampleConsumer: class org.apache.jmeter.report.processor.graph.impl.HitsPerSecondGraphConsumer#stopProducing(): hitsPerSecond produced 0 samples
2024-02-04 21:11:18,603 INFO o.a.j.r.p.AbstractSampleConsumer: class org.apache.jmeter.report.processor.graph.impl.LatencyVSRequestGraphConsumer#stopProducing(): latencyVsRequest produced 0 samples
2024-02-04 21:11:18,603 INFO o.a.j.r.p.AbstractSampleConsumer: class org.apache.jmeter.report.processor.graph.impl.SyntheticResponseTimeDistributionGraphConsumer#stopProducing(): syntheticResponseTimeDistribution produced 0 samples
2024-02-04 21:11:18,604 INFO o.a.j.r.p.AbstractSampleConsumer: class org.apache.jmeter.report.processor.graph.impl.BytesThroughputGraphConsumer#stopProducing(): bytesThroughputOverTime produced 0 samples
2024-02-04 21:11:18,604 INFO o.a.j.r.p.AbstractSampleConsumer: class org.apache.jmeter.report.processor.graph.impl.CodesPerSecondGraphConsumer#stopProducing(): codesPerSecond produced 0 samples
2024-02-04 21:11:18,607 INFO o.a.j.r.p.AbstractSampleConsumer: class org.apache.jmeter.report.processor.graph.impl.ResponseTimeVSRequestGraphConsumer#stopProducing(): responseTimeVsRequest produced 0 samples
2024-02-04 21:11:18,608 INFO o.a.j.r.p.AbstractSampleConsumer: class org.apache.jmeter.report.processor.FilterConsumer#stopProducing(): startIntervalControlerFilter produced 56 samples
2024-02-04 21:11:18,608 INFO o.a.j.r.p.AbstractSampleConsumer: class org.apache.jmeter.report.processor.graph.impl.TotalTPSGraphConsumer#stopProducing(): totalTPS produced 0 samples
2024-02-04 21:11:18,608 INFO o.a.j.r.p.AbstractSampleConsumer: class org.apache.jmeter.report.processor.graph.impl.ActiveThreadsGraphConsumer#stopProducing(): activeThreadsOverTime produced 0 samples
2024-02-04 21:11:18,608 INFO o.a.j.r.p.AbstractSampleConsumer: class org.apache.jmeter.report.processor.graph.impl.TimeVSThreadGraphConsumer#stopProducing(): timeVsThreads produced 0 samples
2024-02-04 21:11:18,608 INFO o.a.j.r.p.AbstractSampleConsumer: class org.apache.jmeter.report.processor.graph.impl.ResponseTimeDistributionGraphConsumer#stopProducing(): responseTimeDistribution produced 0 samples
2024-02-04 21:11:18,608 INFO o.a.j.r.p.AbstractSampleConsumer: class org.apache.jmeter.report.processor.graph.impl.TransactionsPerSecondGraphConsumer#stopProducing(): transactionsPerSecond produced 0 samples
2024-02-04 21:11:18,608 INFO o.a.j.r.p.AbstractSampleConsumer: class org.apache.jmeter.report.processor.graph.impl.ResponseTimePercentilesGraphConsumer#stopProducing(): responseTimePercentiles produced 0 samples
2024-02-04 21:11:18,610 INFO o.a.j.r.p.AbstractSampleConsumer: class org.apache.jmeter.report.processor.graph.impl.ResponseTimePercentilesOverTimeGraphConsumer#stopProducing(): responseTimePercentilesOverTime produced 0 samples
2024-02-04 21:11:18,611 INFO o.a.j.r.p.AbstractSampleConsumer: class org.apache.jmeter.report.processor.graph.impl.ResponseTimeOverTimeGraphConsumer#stopProducing(): responseTimesOverTime produced 0 samples
2024-02-04 21:11:18,611 INFO o.a.j.r.p.AbstractSampleConsumer: class org.apache.jmeter.report.processor.graph.impl.ConnectTimeOverTimeGraphConsumer#stopProducing(): connectTimeOverTime produced 0 samples
2024-02-04 21:11:18,611 INFO o.a.j.r.p.AbstractSampleConsumer: class org.apache.jmeter.report.processor.graph.impl.LatencyOverTimeGraphConsumer#stopProducing(): latenciesOverTime produced 0 samples
2024-02-04 21:11:18,611 INFO o.a.j.r.p.AbstractSampleConsumer: class org.apache.jmeter.report.processor.FilterConsumer#stopProducing(): nameFilter produced 120 samples
2024-02-04 21:11:18,611 INFO o.a.j.r.p.AbstractSampleConsumer: class org.apache.jmeter.report.processor.FilterConsumer#stopProducing(): dateRangeFilter produced 24 samples
2024-02-04 21:11:18,611 INFO o.a.j.r.p.AbstractSampleConsumer: class org.apache.jmeter.report.processor.NormalizerSampleConsumer#stopProducing(): normalizer produced 8 samples
2024-02-04 21:11:18,613 INFO o.a.j.r.p.CsvFileSampleSource: produce(): 8 samples produced in 223ms on channel 0
2024-02-04 21:11:18,613 INFO o.a.j.r.d.ReportGenerator: Exporting data using exporter:'json' of className:'org.apache.jmeter.report.dashboard.JsonExporter'
2024-02-04 21:11:18,689 INFO o.a.j.r.d.JsonExporter: Found data for consumer statisticsSummary in context
2024-02-04 21:11:18,689 INFO o.a.j.r.d.JsonExporter: Creating statistics for overall
2024-02-04 21:11:18,691 INFO o.a.j.r.d.JsonExporter: Creating statistics for other transactions
2024-02-04 21:11:18,691 INFO o.a.j.r.d.JsonExporter: Checking output folder
2024-02-04 21:11:18,692 INFO o.a.j.r.d.JsonExporter: Writing statistics JSON to F:\apache-jmeter-5.6.3\apache-jmeter-5.6.3\bin\demo-transaction-api\Reports\statistics.json
2024-02-04 21:11:18,755 INFO o.a.j.r.d.ReportGenerator: Exporting data using exporter:'html' of className:'org.apache.jmeter.report.dashboard.HtmlTemplateExporter'
2024-02-04 21:11:18,757 INFO o.a.j.r.d.HtmlTemplateExporter: Will generate dashboard in folder: F:\apache-jmeter-5.6.3\apache-jmeter-5.6.3\bin\demo-transaction-api\Reports
2024-02-04 21:11:18,975 INFO o.a.j.r.d.HtmlTemplateExporter: Report will be generated in: F:\apache-jmeter-5.6.3\apache-jmeter-5.6.3\bin\demo-transaction-api\Reports, creating folder structure
2024-02-04 21:11:18,977 INFO o.a.j.r.d.TemplateVisitor: Copying folder from 'F:\apache-jmeter-5.6.3\apache-jmeter-5.6.3\bin\report-template' to 'F:\apache-jmeter-5.6.3\apache-jmeter-5.6.3\bin\demo-transaction-api\Reports', got message: F:\apache-jmeter-5.6.3\apache-jmeter-5.6.3\bin\demo-transaction-api\Reports, found non empty folder with following content [F:\apache-jmeter-5.6.3\apache-jmeter-5.6.3\bin\demo-transaction-api\Reports\statistics.json], will be ignored
2024-02-04 21:11:20,538 INFO o.a.j.JMeter: Dashboard generated
